<?xml version="1.0" encoding="UTF-8"?>
<testsuite name="ActionRunnerTest" tests="2" skipped="0" failures="0" errors="0" timestamp="2023-01-26T02:49:52" hostname="DESKTOP-NDK5DII" time="0.057">
  <properties/>
  <testcase name="runActionRunnerWithActionsWithLocksThatWillCancel()" classname="ActionRunnerTest" time="0.047"/>
  <testcase name="runActionRunnerWithFunctionalActionsWithLocksThatWillCancel()" classname="ActionRunnerTest" time="0.008"/>
  <system-out><![CDATA[]]></system-out>
  <system-err><![CDATA[]]></system-err>
</testsuite>
